<?xml version="1.0" encoding="UTF-8"?>
<testsuite xmlns:xsi="http://www.w3.org/2001/XMLSchema-instance" xsi:noNamespaceSchemaLocation="https://maven.apache.org/surefire/maven-surefire-plugin/xsd/surefire-test-report-3.0.xsd" version="3.0" name="com.example.AppTest" time="0.027" tests="1" errors="0" skipped="0" failures="0">
  <properties>
    <property name="java.specification.version" value="21"/>
    <property name="sun.cpu.isalist" value="amd64"/>
    <property name="sun.jnu.encoding" value="Cp1252"/>
    <property name="java.class.path" value="C:\Users\facug\javalin-oauth-poc\target\test-classes;C:\Users\facug\javalin-oauth-poc\target\classes;C:\Users\facug\.m2\repository\junit\junit\3.8.1\junit-3.8.1.jar;C:\Users\facug\.m2\repository\io\javalin\javalin\6.3.0\javalin-6.3.0.jar;C:\Users\facug\.m2\repository\org\slf4j\slf4j-api\2.0.16\slf4j-api-2.0.16.jar;C:\Users\facug\.m2\repository\org\eclipse\jetty\jetty-server\11.0.23\jetty-server-11.0.23.jar;C:\Users\facug\.m2\repository\org\eclipse\jetty\jetty-http\11.0.23\jetty-http-11.0.23.jar;C:\Users\facug\.m2\repository\org\eclipse\jetty\jetty-util\11.0.23\jetty-util-11.0.23.jar;C:\Users\facug\.m2\repository\org\eclipse\jetty\jetty-io\11.0.23\jetty-io-11.0.23.jar;C:\Users\facug\.m2\repository\org\eclipse\jetty\toolchain\jetty-jakarta-servlet-api\5.0.2\jetty-jakarta-servlet-api-5.0.2.jar;C:\Users\facug\.m2\repository\org\eclipse\jetty\websocket\websocket-jetty-server\11.0.23\websocket-jetty-server-11.0.23.jar;C:\Users\facug\.m2\repository\org\eclipse\jetty\jetty-servlet\11.0.23\jetty-servlet-11.0.23.jar;C:\Users\facug\.m2\repository\org\eclipse\jetty\jetty-security\11.0.23\jetty-security-11.0.23.jar;C:\Users\facug\.m2\repository\org\eclipse\jetty\jetty-webapp\11.0.23\jetty-webapp-11.0.23.jar;C:\Users\facug\.m2\repository\org\eclipse\jetty\jetty-xml\11.0.23\jetty-xml-11.0.23.jar;C:\Users\facug\.m2\repository\org\eclipse\jetty\websocket\websocket-jetty-api\11.0.23\websocket-jetty-api-11.0.23.jar;C:\Users\facug\.m2\repository\org\eclipse\jetty\websocket\websocket-jetty-common\11.0.23\websocket-jetty-common-11.0.23.jar;C:\Users\facug\.m2\repository\org\eclipse\jetty\websocket\websocket-core-common\11.0.23\websocket-core-common-11.0.23.jar;C:\Users\facug\.m2\repository\org\eclipse\jetty\websocket\websocket-servlet\11.0.23\websocket-servlet-11.0.23.jar;C:\Users\facug\.m2\repository\org\eclipse\jetty\websocket\websocket-core-server\11.0.23\websocket-core-server-11.0.23.jar;C:\Users\facug\.m2\repository\org\jetbrains\kotlin\kotlin-stdlib-jdk8\1.9.25\kotlin-stdlib-jdk8-1.9.25.jar;C:\Users\facug\.m2\repository\org\jetbrains\kotlin\kotlin-stdlib-jdk7\1.9.25\kotlin-stdlib-jdk7-1.9.25.jar;C:\Users\facug\.m2\repository\io\javalin\javalin-rendering\6.3.0\javalin-rendering-6.3.0.jar;C:\Users\facug\.m2\repository\com\squareup\okhttp3\okhttp\4.9.3\okhttp-4.9.3.jar;C:\Users\facug\.m2\repository\com\squareup\okio\okio\2.8.0\okio-2.8.0.jar;C:\Users\facug\.m2\repository\com\fasterxml\jackson\core\jackson-databind\2.15.2\jackson-databind-2.15.2.jar;C:\Users\facug\.m2\repository\com\fasterxml\jackson\core\jackson-annotations\2.15.2\jackson-annotations-2.15.2.jar;C:\Users\facug\.m2\repository\com\fasterxml\jackson\core\jackson-core\2.15.2\jackson-core-2.15.2.jar;C:\Users\facug\.m2\repository\io\jsonwebtoken\jjwt-api\0.11.5\jjwt-api-0.11.5.jar;C:\Users\facug\.m2\repository\io\jsonwebtoken\jjwt-impl\0.11.5\jjwt-impl-0.11.5.jar;C:\Users\facug\.m2\repository\io\jsonwebtoken\jjwt-jackson\0.11.5\jjwt-jackson-0.11.5.jar;C:\Users\facug\.m2\repository\org\jetbrains\kotlin\kotlin-stdlib\1.9.10\kotlin-stdlib-1.9.10.jar;C:\Users\facug\.m2\repository\org\jetbrains\kotlin\kotlin-stdlib-common\1.9.10\kotlin-stdlib-common-1.9.10.jar;C:\Users\facug\.m2\repository\org\jetbrains\annotations\13.0\annotations-13.0.jar;"/>
    <property name="java.vm.vendor" value="Oracle Corporation"/>
    <property name="sun.arch.data.model" value="64"/>
    <property name="user.variant" value=""/>
    <property name="java.vendor.url" value="https://java.oracle.com/"/>
    <property name="user.timezone" value="America/Buenos_Aires"/>
    <property name="os.name" value="Windows 11"/>
    <property name="java.vm.specification.version" value="21"/>
    <property name="sun.java.launcher" value="SUN_STANDARD"/>
    <property name="user.country" value="US"/>
    <property name="sun.boot.library.path" value="C:\Program Files\Java\jdk-21\bin"/>
    <property name="sun.java.command" value="C:\Users\facug\AppData\Local\Temp\surefire17880012386376949496\surefirebooter-20241127002613854_3.jar C:\Users\facug\AppData\Local\Temp\surefire17880012386376949496 2024-11-27T00-26-11_818-jvmRun1 surefire-20241127002613854_1tmp surefire_0-20241127002613854_2tmp"/>
    <property name="jdk.debug" value="release"/>
    <property name="surefire.test.class.path" value="C:\Users\facug\javalin-oauth-poc\target\test-classes;C:\Users\facug\javalin-oauth-poc\target\classes;C:\Users\facug\.m2\repository\junit\junit\3.8.1\junit-3.8.1.jar;C:\Users\facug\.m2\repository\io\javalin\javalin\6.3.0\javalin-6.3.0.jar;C:\Users\facug\.m2\repository\org\slf4j\slf4j-api\2.0.16\slf4j-api-2.0.16.jar;C:\Users\facug\.m2\repository\org\eclipse\jetty\jetty-server\11.0.23\jetty-server-11.0.23.jar;C:\Users\facug\.m2\repository\org\eclipse\jetty\jetty-http\11.0.23\jetty-http-11.0.23.jar;C:\Users\facug\.m2\repository\org\eclipse\jetty\jetty-util\11.0.23\jetty-util-11.0.23.jar;C:\Users\facug\.m2\repository\org\eclipse\jetty\jetty-io\11.0.23\jetty-io-11.0.23.jar;C:\Users\facug\.m2\repository\org\eclipse\jetty\toolchain\jetty-jakarta-servlet-api\5.0.2\jetty-jakarta-servlet-api-5.0.2.jar;C:\Users\facug\.m2\repository\org\eclipse\jetty\websocket\websocket-jetty-server\11.0.23\websocket-jetty-server-11.0.23.jar;C:\Users\facug\.m2\repository\org\eclipse\jetty\jetty-servlet\11.0.23\jetty-servlet-11.0.23.jar;C:\Users\facug\.m2\repository\org\eclipse\jetty\jetty-security\11.0.23\jetty-security-11.0.23.jar;C:\Users\facug\.m2\repository\org\eclipse\jetty\jetty-webapp\11.0.23\jetty-webapp-11.0.23.jar;C:\Users\facug\.m2\repository\org\eclipse\jetty\jetty-xml\11.0.23\jetty-xml-11.0.23.jar;C:\Users\facug\.m2\repository\org\eclipse\jetty\websocket\websocket-jetty-api\11.0.23\websocket-jetty-api-11.0.23.jar;C:\Users\facug\.m2\repository\org\eclipse\jetty\websocket\websocket-jetty-common\11.0.23\websocket-jetty-common-11.0.23.jar;C:\Users\facug\.m2\repository\org\eclipse\jetty\websocket\websocket-core-common\11.0.23\websocket-core-common-11.0.23.jar;C:\Users\facug\.m2\repository\org\eclipse\jetty\websocket\websocket-servlet\11.0.23\websocket-servlet-11.0.23.jar;C:\Users\facug\.m2\repository\org\eclipse\jetty\websocket\websocket-core-server\11.0.23\websocket-core-server-11.0.23.jar;C:\Users\facug\.m2\repository\org\jetbrains\kotlin\kotlin-stdlib-jdk8\1.9.25\kotlin-stdlib-jdk8-1.9.25.jar;C:\Users\facug\.m2\repository\org\jetbrains\kotlin\kotlin-stdlib-jdk7\1.9.25\kotlin-stdlib-jdk7-1.9.25.jar;C:\Users\facug\.m2\repository\io\javalin\javalin-rendering\6.3.0\javalin-rendering-6.3.0.jar;C:\Users\facug\.m2\repository\com\squareup\okhttp3\okhttp\4.9.3\okhttp-4.9.3.jar;C:\Users\facug\.m2\repository\com\squareup\okio\okio\2.8.0\okio-2.8.0.jar;C:\Users\facug\.m2\repository\com\fasterxml\jackson\core\jackson-databind\2.15.2\jackson-databind-2.15.2.jar;C:\Users\facug\.m2\repository\com\fasterxml\jackson\core\jackson-annotations\2.15.2\jackson-annotations-2.15.2.jar;C:\Users\facug\.m2\repository\com\fasterxml\jackson\core\jackson-core\2.15.2\jackson-core-2.15.2.jar;C:\Users\facug\.m2\repository\io\jsonwebtoken\jjwt-api\0.11.5\jjwt-api-0.11.5.jar;C:\Users\facug\.m2\repository\io\jsonwebtoken\jjwt-impl\0.11.5\jjwt-impl-0.11.5.jar;C:\Users\facug\.m2\repository\io\jsonwebtoken\jjwt-jackson\0.11.5\jjwt-jackson-0.11.5.jar;C:\Users\facug\.m2\repository\org\jetbrains\kotlin\kotlin-stdlib\1.9.10\kotlin-stdlib-1.9.10.jar;C:\Users\facug\.m2\repository\org\jetbrains\kotlin\kotlin-stdlib-common\1.9.10\kotlin-stdlib-common-1.9.10.jar;C:\Users\facug\.m2\repository\org\jetbrains\annotations\13.0\annotations-13.0.jar;"/>
    <property name="sun.cpu.endian" value="little"/>
    <property name="user.home" value="C:\Users\facug"/>
    <property name="user.language" value="en"/>
    <property name="java.specification.vendor" value="Oracle Corporation"/>
    <property name="java.version.date" value="2024-01-16"/>
    <property name="java.home" value="C:\Program Files\Java\jdk-21"/>
    <property name="file.separator" value="\"/>
    <property name="basedir" value="C:\Users\facug\javalin-oauth-poc"/>
    <property name="java.vm.compressedOopsMode" value="32-bit"/>
    <property name="line.separator" value="&#10;"/>
    <property name="java.vm.specification.vendor" value="Oracle Corporation"/>
    <property name="java.specification.name" value="Java Platform API Specification"/>
    <property name="surefire.real.class.path" value="C:\Users\facug\AppData\Local\Temp\surefire17880012386376949496\surefirebooter-20241127002613854_3.jar"/>
    <property name="user.script" value=""/>
    <property name="sun.management.compiler" value="HotSpot 64-Bit Tiered Compilers"/>
    <property name="java.runtime.version" value="21.0.2+13-LTS-58"/>
    <property name="user.name" value="facug"/>
    <property name="stdout.encoding" value="Cp1252"/>
    <property name="path.separator" value=";"/>
    <property name="os.version" value="10.0"/>
    <property name="java.runtime.name" value="Java(TM) SE Runtime Environment"/>
    <property name="file.encoding" value="UTF-8"/>
    <property name="java.vm.name" value="Java HotSpot(TM) 64-Bit Server VM"/>
    <property name="localRepository" value="C:\Users\facug\.m2\repository"/>
    <property name="java.vendor.url.bug" value="https://bugreport.java.com/bugreport/"/>
    <property name="java.io.tmpdir" value="C:\Users\facug\AppData\Local\Temp\"/>
    <property name="java.version" value="21.0.2"/>
    <property name="user.dir" value="C:\Users\facug\javalin-oauth-poc"/>
    <property name="os.arch" value="amd64"/>
    <property name="java.vm.specification.name" value="Java Virtual Machine Specification"/>
    <property name="sun.os.patch.level" value=""/>
    <property name="native.encoding" value="Cp1252"/>
    <property name="java.library.path" value="C:\Program Files\Java\jdk-21\bin;C:\WINDOWS\Sun\Java\bin;C:\WINDOWS\system32;C:\WINDOWS;C:\Program Files\Common Files\Oracle\Java\javapath;C:\WINDOWS\system32;C:\WINDOWS;C:\WINDOWS\System32\Wbem;C:\WINDOWS\System32\WindowsPowerShell\v1.0\;C:\WINDOWS\System32\OpenSSH\;C:\msys64\usr\bin;C:\MinGW\bin;C:\GnuWin32\bin;C:\Program Files\dotnet\;C:\Program Files\swipl\bin;C:\GnuWin32\lib;C:\ghcup\bin;C:\Program Files\Microsoft SQL Server\150\Tools\Binn\;C:\Program Files\Java\jdk-21\bin;C:\Program Files\sqlite;C:\Program Files\MySQL\MySQL Server 8.0\bin;C:\Program Files\HP\HP One Agent;C:\Program Files\apache-maven-3.9.6\bin;C:\Program Files\Java\jdk-17\bin;C:\Users\facug\Android\platform-tools;C:\Program Files\Git\cmd;C:\Program Files (x86)\Windows Kits\10\Windows Performance Toolkit\;C:\Program Files\PowerShell\7\;C:\WINDOWS\system32;C:\WINDOWS;C:\WINDOWS\System32\Wbem;C:\WINDOWS\System32\WindowsPowerShell\v1.0\;C:\WINDOWS\System32\OpenSSH\;C:\Program Files\Docker\Docker\resources\bin;C:\Program Files\MySQL\MySQL Shell 8.0\bin\;C:\Users\facug\.cargo\bin;C:\Users\facug\AppData\Local\Programs\Python\Python312\Scripts\;C:\Users\facug\AppData\Local\Programs\Python\Python312\;C:\Users\facug\AppData\Roaming\local\bin;C:\Users\facug\AppData\Local\Microsoft\WindowsApps;C:\Users\facug\AppData\Local\Programs\Microsoft VS Code\bin;C:\Program Files\JetBrains\IntelliJ IDEA Community Edition 2023.3.6\bin;C:\Program Files\JetBrains\IntelliJ IDEA 2024.2.1\bin;C:\Users\facug\.dotnet\tools;C:\Users\facug\AppData\Local\JetBrains\Toolbox\scripts;;."/>
    <property name="java.vm.info" value="mixed mode, sharing"/>
    <property name="stderr.encoding" value="Cp1252"/>
    <property name="java.vendor" value="Oracle Corporation"/>
    <property name="java.vm.version" value="21.0.2+13-LTS-58"/>
    <property name="sun.io.unicode.encoding" value="UnicodeLittle"/>
    <property name="java.class.version" value="65.0"/>
  </properties>
  <testcase name="testApp" classname="com.example.AppTest" time="0.003"/>
</testsuite>